::1 - - [03/Mar/2022:12:50:48 +0100] "GET /phpmyadmin HTTP/1.1" 301 241
::1 - - [03/Mar/2022:12:50:48 +0100] "GET /phpmyadmin/ HTTP/1.1" 200 8508
::1 - - [03/Mar/2022:12:50:50 +0100] "GET /phpmyadmin/themes/pmahomme/jquery/jquery-ui-1.9.2.custom.css HTTP/1.1" 200 32739
::1 - - [03/Mar/2022:12:50:50 +0100] "GET /phpmyadmin/js/get_scripts.js.php?scripts[]=jquery/jquery-1.8.3.js&scripts[]=ajax.js&scripts[]=keyhandler.js&scripts[]=jquery/jquery-ui-1.9.2.custom.js&scripts[]=jquery/jquery.sprintf.js&scripts[]=jquery/jquery.cookie.js&scripts[]=jquery/jquery.mousewheel.js&scripts[]=jquery/jquery.event.drag-2.2.js&scripts[]=jquery/jquery-ui-timepicker-addon.js&scripts[]=jquery/jquery.ba-hashchange-1.3.js&scripts[]=jquery/jquery.debounce-1.0.5.js&scripts[]=jquery/jquery.menuResizer-1.0.js&scripts[]=rte.js&scripts[]=functions.js&scripts[]=navigation.js&scripts[]=indexes.js&scripts[]=common.js&scripts[]=codemirror/lib/codemirror.js&scripts[]=codemirror/mode/mysql/mysql.js HTTP/1.1" 200 578621
::1 - - [03/Mar/2022:12:50:50 +0100] "GET /phpmyadmin/phpmyadmin.css.php?server=1&lang=en&collation_connection=utf8_general_ci&token=63ffe4d2779201df248345a00c381888&nocache=4920522616ltr HTTP/1.1" 200 92653
::1 - - [03/Mar/2022:12:50:50 +0100] "GET /phpmyadmin/js/messages.php?lang=en&db=&server=0&collation_connection=utf8_general_ci&token=a0948495e628ca36b4a20acbde34c9ce HTTP/1.1" 200 16679
::1 - - [03/Mar/2022:12:50:51 +0100] "GET /phpmyadmin/js/get_image.js.php?theme=pmahomme HTTP/1.1" 200 6364
::1 - - [03/Mar/2022:12:50:51 +0100] "GET /phpmyadmin/themes/dot.gif HTTP/1.1" 200 43
::1 - - [03/Mar/2022:12:50:51 +0100] "GET /phpmyadmin/themes/pmahomme/img/logo_right.png HTTP/1.1" 200 4548
::1 - - [03/Mar/2022:12:50:51 +0100] "GET /phpmyadmin/themes/pmahomme/img/sprites.png HTTP/1.1" 200 61899
::1 - - [03/Mar/2022:12:50:51 +0100] "GET /phpmyadmin/favicon.ico HTTP/1.1" 200 18902
::1 - - [03/Mar/2022:12:51:01 +0100] "POST /phpmyadmin/index.php HTTP/1.1" 302 -
::1 - - [03/Mar/2022:12:51:01 +0100] "GET /phpmyadmin/index.php?token=63ffe4d2779201df248345a00c381888 HTTP/1.1" 200 44994
::1 - - [03/Mar/2022:12:51:02 +0100] "GET /phpmyadmin/phpmyadmin.css.php?server=1&token=63ffe4d2779201df248345a00c381888&nocache=6566830878ltr HTTP/1.1" 200 92653
::1 - - [03/Mar/2022:12:51:02 +0100] "GET /phpmyadmin/themes/pmahomme/img/logo_left.png HTTP/1.1" 200 2327
::1 - - [03/Mar/2022:12:51:02 +0100] "GET /phpmyadmin/js/messages.php?lang=en&db=&server=0&token=63ffe4d2779201df248345a00c381888 HTTP/1.1" 200 16679
::1 - - [03/Mar/2022:12:51:02 +0100] "GET /phpmyadmin/themes/pmahomme/img/ajax_clock_small.gif HTTP/1.1" 200 1810
::1 - - [03/Mar/2022:12:51:02 +0100] "GET /phpmyadmin/themes/pmahomme/img/left_nav_bg.png HTTP/1.1" 200 297
::1 - - [03/Mar/2022:12:51:02 +0100] "GET /phpmyadmin/version_check.php?&_nocache=1646308262825852881 HTTP/1.1" 200 39
::1 - - [03/Mar/2022:12:52:02 +0100] "GET /phpmyadmin/index.php?token=63ffe4d2779201df248345a00c381888&ajax_request=true&ajax_page_request=true&menuHashes=852ea643&_nocache=1646308322166701161 HTTP/1.1" 200 35929
::1 - - [03/Mar/2022:12:52:02 +0100] "GET /phpmyadmin/version_check.php?&_nocache=1646308322520126129 HTTP/1.1" 200 39
::1 - - [03/Mar/2022:12:52:03 +0100] "POST /phpmyadmin/navigation.php?ajax_request=1&token=63ffe4d2779201df248345a00c381888 HTTP/1.1" 200 3242
::1 - - [03/Mar/2022:12:53:56 +0100] "POST /phpmyadmin/navigation.php?ajax_request=1&token=63ffe4d2779201df248345a00c381888 HTTP/1.1" 200 3242
::1 - - [03/Mar/2022:12:53:57 +0100] "GET /phpmyadmin/index.php?token=63ffe4d2779201df248345a00c381888 HTTP/1.1" 200 44994
::1 - - [03/Mar/2022:12:53:58 +0100] "GET /phpmyadmin/index.php?db=&table=&server=1&target=&token=63ffe4d2779201df248345a00c381888 HTTP/1.1" 200 44959
::1 - - [03/Mar/2022:12:53:58 +0100] "GET /phpmyadmin/js/messages.php?lang=en&db=&token=63ffe4d2779201df248345a00c381888 HTTP/1.1" 200 16679
::1 - - [03/Mar/2022:12:53:58 +0100] "GET /phpmyadmin/version_check.php?&_nocache=1646308438676488464 HTTP/1.1" 200 39
::1 - - [03/Mar/2022:12:55:06 +0100] "GET /phpmyadmin/index.php?db=&table=&server=1&target=&token=63ffe4d2779201df248345a00c381888 HTTP/1.1" 200 45538
::1 - - [03/Mar/2022:12:55:06 +0100] "GET /phpmyadmin/index.php?db=&table=&server=1&target=&token=63ffe4d2779201df248345a00c381888 HTTP/1.1" 200 45538
::1 - - [03/Mar/2022:12:55:07 +0100] "GET /phpmyadmin/version_check.php?&_nocache=1646308507081948549 HTTP/1.1" 200 39
::1 - - [03/Mar/2022:12:55:09 +0100] "GET /phpmyadmin/navigation.php?ajax_request=1&token=63ffe4d2779201df248345a00c381888&aPath=cm9vdA%3D%3D.ZW1wcmVzYQ%3D%3D&vPath=cm9vdA%3D%3D.ZW1wcmVzYQ%3D%3D&pos=0&pos2_name=&pos2_value=&searchClause=&searchClause2=&_nocache=1646308509522149352 HTTP/1.1" 200 5208
::1 - - [03/Mar/2022:12:55:13 +0100] "GET /phpmyadmin/sql.php?server=1&db=empresa&table=empleado&pos=0&token=63ffe4d2779201df248345a00c381888&ajax_request=true&ajax_page_request=true&menuHashes=852ea643&_nocache=1646308513394922289 HTTP/1.1" 200 25234
::1 - - [03/Mar/2022:12:55:14 +0100] "GET /phpmyadmin/themes/pmahomme/img/arrow_ltr.png HTTP/1.1" 200 139
::1 - - [03/Mar/2022:12:55:14 +0100] "GET /phpmyadmin/themes/pmahomme/img/s_fulltext.png HTTP/1.1" 200 193
::1 - - [03/Mar/2022:12:55:14 +0100] "GET /phpmyadmin/js/get_scripts.js.php?scripts[]=tbl_change.js&scripts[]=tbl_structure.js&scripts[]=gis_data_editor.js&scripts[]=makegrid.js&scripts[]=sql.js HTTP/1.1" 200 57302
::1 - - [03/Mar/2022:12:55:14 +0100] "GET /phpmyadmin/themes/pmahomme/img/col_pointer.png HTTP/1.1" 200 113
::1 - - [03/Mar/2022:12:55:14 +0100] "GET /phpmyadmin/themes/pmahomme/img/col_drop.png HTTP/1.1" 200 132
::1 - - [03/Mar/2022:12:55:14 +0100] "GET /phpmyadmin/index.php?ajax_request=1&recent_table=1&token=63ffe4d2779201df248345a00c381888 HTTP/1.1" 200 214
::1 - - [03/Mar/2022:12:55:18 +0100] "GET /phpmyadmin/sql.php?server=1&db=empresa&table=fijo&pos=0&token=63ffe4d2779201df248345a00c381888&ajax_request=true&ajax_page_request=true&menuHashes=852ea643-e564cb0c&_nocache=1646308518955492699 HTTP/1.1" 200 19645
::1 - - [03/Mar/2022:12:55:19 +0100] "GET /phpmyadmin/index.php?ajax_request=1&recent_table=1&token=63ffe4d2779201df248345a00c381888 HTTP/1.1" 200 330
::1 - - [03/Mar/2022:12:55:19 +0100] "GET /phpmyadmin/sql.php?server=1&db=empresa&table=temporal&pos=0&token=63ffe4d2779201df248345a00c381888&ajax_request=true&ajax_page_request=true&menuHashes=852ea643-e564cb0c-6ddc8920&_nocache=1646308519938504325 HTTP/1.1" 200 20196
::1 - - [03/Mar/2022:12:55:20 +0100] "GET /phpmyadmin/index.php?ajax_request=1&recent_table=1&token=63ffe4d2779201df248345a00c381888 HTTP/1.1" 200 454
::1 - - [03/Mar/2022:13:35:57 +0100] "GET /phpmyadmin/sql.php?server=1&db=empresa&table=temporal&pos=0&token=63ffe4d2779201df248345a00c381888&ajax_request=true&ajax_page_request=true&menuHashes=852ea643-e564cb0c-6ddc8920-58fbafa2&_nocache=1646310957268534877 HTTP/1.1" 200 292
::1 - - [03/Mar/2022:13:35:59 +0100] "GET /phpmyadmin/index.php?db=&table=&server=1&target=&token=63ffe4d2779201df248345a00c381888 HTTP/1.1" 200 8095
::1 - - [03/Mar/2022:13:35:59 +0100] "GET /phpmyadmin/phpmyadmin.css.php?server=1&token=63ffe4d2779201df248345a00c381888&nocache=4920522616ltr HTTP/1.1" 200 92653
::1 - - [03/Mar/2022:13:35:59 +0100] "GET /phpmyadmin/sql.php?db=empresa&table=temporal&server=1&target=&token=63ffe4d2779201df248345a00c381888 HTTP/1.1" 200 8239
::1 - - [03/Mar/2022:13:35:59 +0100] "GET /phpmyadmin/js/messages.php?lang=en&db=empresa&token=63ffe4d2779201df248345a00c381888 HTTP/1.1" 200 16679
::1 - - [03/Mar/2022:13:36:01 +0100] "POST /phpmyadmin/index.php HTTP/1.1" 302 -
::1 - - [03/Mar/2022:13:36:01 +0100] "GET /phpmyadmin/index.php?db=empresa&table=temporal&target=sql.php&token=63ffe4d2779201df248345a00c381888 HTTP/1.1" 200 29296
::1 - - [03/Mar/2022:13:36:01 +0100] "GET /phpmyadmin/js/get_scripts.js.php?scripts[]=jquery/jquery-1.8.3.js&scripts[]=ajax.js&scripts[]=keyhandler.js&scripts[]=jquery/jquery-ui-1.9.2.custom.js&scripts[]=jquery/jquery.sprintf.js&scripts[]=jquery/jquery.cookie.js&scripts[]=jquery/jquery.mousewheel.js&scripts[]=jquery/jquery.event.drag-2.2.js&scripts[]=jquery/jquery-ui-timepicker-addon.js&scripts[]=jquery/jquery.ba-hashchange-1.3.js&scripts[]=jquery/jquery.debounce-1.0.5.js&scripts[]=jquery/jquery.menuResizer-1.0.js&scripts[]=rte.js&scripts[]=functions.js&scripts[]=navigation.js&scripts[]=indexes.js&scripts[]=common.js&scripts[]=tbl_change.js&scripts[]=tbl_structure.js&scripts[]=gis_data_editor.js&scripts[]=makegrid.js&scripts[]=sql.js&scripts[]=codemirror/lib/codemirror.js&scripts[]=codemirror/mode/mysql/mysql.js HTTP/1.1" 200 635923
::1 - - [03/Mar/2022:13:36:01 +0100] "GET /phpmyadmin/js/messages.php?lang=en&db=empresa&server=0&token=63ffe4d2779201df248345a00c381888 HTTP/1.1" 200 16679
::1 - - [03/Mar/2022:13:36:01 +0100] "GET /phpmyadmin/index.php?ajax_request=1&recent_table=1&token=63ffe4d2779201df248345a00c381888 HTTP/1.1" 200 454
::1 - - [03/Mar/2022:13:36:04 +0100] "GET /phpmyadmin/db_structure.php?server=1&db=empresa&token=63ffe4d2779201df248345a00c381888&ajax_request=true&ajax_page_request=true&menuHashes=ce168672&_nocache=1646310964795219595 HTTP/1.1" 200 26182
::1 - - [03/Mar/2022:13:36:05 +0100] "GET /phpmyadmin/js/get_scripts.js.php?scripts[]=db_structure.js HTTP/1.1" 200 5367
::1 - - [03/Mar/2022:13:36:06 +0100] "GET /phpmyadmin/sql.php?db=empresa&token=63ffe4d2779201df248345a00c381888&goto=db_structure.php&table=temporal&pos=0&ajax_request=true&ajax_page_request=true&menuHashes=ce168672-99491cc0&_nocache=1646310966553988636 HTTP/1.1" 200 20194
::1 - - [03/Mar/2022:13:36:06 +0100] "GET /phpmyadmin/index.php?ajax_request=1&recent_table=1&token=63ffe4d2779201df248345a00c381888 HTTP/1.1" 200 454
::1 - - [03/Mar/2022:13:36:15 +0100] "GET /phpmyadmin/db_structure.php?server=1&db=empresa&token=63ffe4d2779201df248345a00c381888&ajax_request=true&ajax_page_request=true&menuHashes=ce168672-99491cc0-58fbafa2&_nocache=1646310975253842874 HTTP/1.1" 200 23100
::1 - - [03/Mar/2022:13:36:16 +0100] "GET /phpmyadmin/db_structure.php?server=1&db=empresa&token=63ffe4d2779201df248345a00c381888&ajax_request=true&ajax_page_request=true&menuHashes=ce168672-99491cc0-58fbafa2&_nocache=1646310976175576379 HTTP/1.1" 200 23100
::1 - - [03/Mar/2022:13:36:17 +0100] "GET /phpmyadmin/navigation.php?ajax_request=1&token=63ffe4d2779201df248345a00c381888&aPath=cm9vdA%3D%3D.ZW1wcmVzYQ%3D%3D&vPath=cm9vdA%3D%3D.ZW1wcmVzYQ%3D%3D&pos=0&pos2_name=&pos2_value=&searchClause=&searchClause2=&_nocache=1646310977377420954 HTTP/1.1" 200 5208
::1 - - [03/Mar/2022:13:36:20 +0100] "GET /phpmyadmin/sql.php?server=1&db=empresa&table=empleado&pos=0&token=63ffe4d2779201df248345a00c381888&ajax_request=true&ajax_page_request=true&menuHashes=ce168672-99491cc0-58fbafa2&_nocache=1646310980465277023 HTTP/1.1" 200 25234
::1 - - [03/Mar/2022:13:36:20 +0100] "GET /phpmyadmin/index.php?ajax_request=1&recent_table=1&token=63ffe4d2779201df248345a00c381888 HTTP/1.1" 200 454
::1 - - [03/Mar/2022:13:45:39 +0100] "POST /phpmyadmin/navigation.php?ajax_request=1&token=63ffe4d2779201df248345a00c381888 HTTP/1.1" 200 9116
::1 - - [03/Mar/2022:13:45:40 +0100] "POST /phpmyadmin/navigation.php?ajax_request=1&token=63ffe4d2779201df248345a00c381888 HTTP/1.1" 200 9116
::1 - - [03/Mar/2022:13:45:40 +0100] "POST /phpmyadmin/navigation.php?ajax_request=1&token=63ffe4d2779201df248345a00c381888 HTTP/1.1" 200 9116
::1 - - [03/Mar/2022:13:45:41 +0100] "POST /phpmyadmin/navigation.php?ajax_request=1&token=63ffe4d2779201df248345a00c381888 HTTP/1.1" 200 9116
::1 - - [03/Mar/2022:13:45:59 +0100] "POST /phpmyadmin/navigation.php?ajax_request=1&token=63ffe4d2779201df248345a00c381888 HTTP/1.1" 200 9116
::1 - - [03/Mar/2022:13:46:00 +0100] "GET /phpmyadmin/index.php?db=empresa&table=temporal&target=sql.php&token=63ffe4d2779201df248345a00c381888 HTTP/1.1" 200 29296
::1 - - [03/Mar/2022:13:46:00 +0100] "GET /phpmyadmin/sql.php?db=empresa&table=empleado&server=1&target=&token=63ffe4d2779201df248345a00c381888 HTTP/1.1" 200 34068
::1 - - [03/Mar/2022:13:46:00 +0100] "GET /phpmyadmin/index.php?ajax_request=1&recent_table=1&token=63ffe4d2779201df248345a00c381888 HTTP/1.1" 200 454
::1 - - [03/Mar/2022:13:46:02 +0100] "GET /phpmyadmin/db_structure.php?server=1&db=empresa&token=63ffe4d2779201df248345a00c381888&ajax_request=true&ajax_page_request=true&menuHashes=e564cb0c&_nocache=1646311562339449563 HTTP/1.1" 200 26182
::1 - - [03/Mar/2022:13:46:04 +0100] "GET /phpmyadmin/db_structure.php?server=1&db=empresa&token=63ffe4d2779201df248345a00c381888&ajax_request=true&ajax_page_request=true&menuHashes=e564cb0c-99491cc0&_nocache=164631156499316385 HTTP/1.1" 200 23100
::1 - - [03/Mar/2022:13:46:05 +0100] "GET /phpmyadmin/navigation.php?ajax_request=1&token=63ffe4d2779201df248345a00c381888&aPath=cm9vdA%3D%3D.ZW1wcmVzYQ%3D%3D&vPath=cm9vdA%3D%3D.ZW1wcmVzYQ%3D%3D&pos=0&pos2_name=&pos2_value=&searchClause=&searchClause2=&_nocache=1646311565834977081 HTTP/1.1" 200 5208
::1 - - [03/Mar/2022:13:46:07 +0100] "GET /phpmyadmin/db_structure.php?db=empresa&token=63ffe4d2779201df248345a00c381888&ajax_request=true&ajax_page_request=true&menuHashes=e564cb0c-99491cc0&_nocache=1646311567914576453 HTTP/1.1" 200 23098
::1 - - [03/Mar/2022:14:00:39 +0100] "GET /phpmyadmin/db_structure.php?server=1&db=empresa&token=63ffe4d2779201df248345a00c381888&ajax_request=true&ajax_page_request=true&menuHashes=e564cb0c-99491cc0&_nocache=1646312439690325865 HTTP/1.1" 200 23100
::1 - - [03/Mar/2022:14:00:42 +0100] "GET /phpmyadmin/db_operations.php?db=empresa&token=63ffe4d2779201df248345a00c381888&ajax_request=true&ajax_page_request=true&menuHashes=e564cb0c-99491cc0&_nocache=1646312442141517051 HTTP/1.1" 200 35655
::1 - - [03/Mar/2022:14:00:42 +0100] "GET /phpmyadmin/js/get_scripts.js.php?scripts[]=db_operations.js HTTP/1.1" 200 1854
::1 - - [03/Mar/2022:14:00:43 +0100] "GET /phpmyadmin/themes/pmahomme/jquery/images/ui-bg_flat_75_ffffff_40x100.png HTTP/1.1" 200 178
::1 - - [03/Mar/2022:14:00:43 +0100] "GET /phpmyadmin/themes/pmahomme/jquery/images/ui-bg_highlight-soft_75_cccccc_1x100.png HTTP/1.1" 200 101
::1 - - [03/Mar/2022:14:00:43 +0100] "GET /phpmyadmin/themes/pmahomme/jquery/images/ui-icons_222222_256x240.png HTTP/1.1" 200 4369
::1 - - [03/Mar/2022:14:00:43 +0100] "GET /phpmyadmin/themes/pmahomme/jquery/images/ui-bg_flat_0_aaaaaa_40x100.png HTTP/1.1" 200 180
::1 - - [03/Mar/2022:14:00:43 +0100] "GET /phpmyadmin/themes/pmahomme/jquery/images/ui-bg_glass_75_e6e6e6_1x400.png HTTP/1.1" 200 110
::1 - - [03/Mar/2022:14:00:43 +0100] "GET /phpmyadmin/themes/pmahomme/jquery/images/ui-bg_glass_75_dadada_1x400.png HTTP/1.1" 200 159
::1 - - [03/Mar/2022:14:00:44 +0100] "GET /phpmyadmin/themes/pmahomme/jquery/images/ui-bg_glass_65_ffffff_1x400.png HTTP/1.1" 200 105
::1 - - [03/Mar/2022:14:00:44 +0100] "GET /phpmyadmin/sql.php?sql_query=DROP+DATABASE+%60empresa%60&back=db_operations.php&goto=index.php&reload=1&purge=1&message_to_show=Database+%60empresa%60+has+been+dropped.&token=63ffe4d2779201df248345a00c381888&is_js_confirmed=1&ajax_request=true&_nocache=164631244445048432 HTTP/1.1" 200 1627
::1 - - [03/Mar/2022:14:00:44 +0100] "POST /phpmyadmin/navigation.php?ajax_request=1&token=63ffe4d2779201df248345a00c381888 HTTP/1.1" 200 3242
::1 - - [03/Mar/2022:14:00:44 +0100] "POST /phpmyadmin/navigation.php?ajax_request=1&token=63ffe4d2779201df248345a00c381888 HTTP/1.1" 200 3242
::1 - - [03/Mar/2022:14:00:44 +0100] "GET /phpmyadmin/server_databases.php?token=63ffe4d2779201df248345a00c381888&server=1&db=&table=&ajax_request=true&ajax_page_request=true&menuHashes=e564cb0c-99491cc0-46ac4336&_nocache=1646312444627788249 HTTP/1.1" 200 36131
::1 - - [03/Mar/2022:14:00:44 +0100] "GET /phpmyadmin/js/get_scripts.js.php?scripts[]=server_databases.js HTTP/1.1" 200 1818
::1 - - [03/Mar/2022:14:02:00 +0100] "POST /phpmyadmin/navigation.php?ajax_request=1&token=63ffe4d2779201df248345a00c381888 HTTP/1.1" 200 3852
::1 - - [03/Mar/2022:14:02:02 +0100] "GET /phpmyadmin/db_structure.php?server=1&db=empresa&token=63ffe4d2779201df248345a00c381888&ajax_request=true&ajax_page_request=true&menuHashes=e564cb0c-99491cc0-46ac4336-a130d4b2&_nocache=1646312522258469555 HTTP/1.1" 200 2477
::1 - - [03/Mar/2022:14:02:03 +0100] "GET /phpmyadmin/navigation.php?ajax_request=1&token=63ffe4d2779201df248345a00c381888&aPath=cm9vdA%3D%3D.ZW1wcmVzYQ%3D%3D&vPath=cm9vdA%3D%3D.ZW1wcmVzYQ%3D%3D&pos=0&pos2_name=&pos2_value=&searchClause=&searchClause2=&_nocache=1646312523595685450 HTTP/1.1" 200 97
::1 - - [03/Mar/2022:14:03:04 +0100] "POST /phpmyadmin/navigation.php?ajax_request=1&token=63ffe4d2779201df248345a00c381888 HTTP/1.1" 200 9116
::1 - - [03/Mar/2022:14:03:06 +0100] "GET /phpmyadmin/sql.php?server=1&db=empresa&table=empresas&pos=0&token=63ffe4d2779201df248345a00c381888&ajax_request=true&ajax_page_request=true&menuHashes=e564cb0c-99491cc0-46ac4336-a130d4b2&_nocache=1646312586628854315 HTTP/1.1" 200 26599
::1 - - [03/Mar/2022:14:03:06 +0100] "GET /phpmyadmin/index.php?ajax_request=1&recent_table=1&token=63ffe4d2779201df248345a00c381888 HTTP/1.1" 200 578
::1 - - [03/Mar/2022:14:03:09 +0100] "GET /phpmyadmin/navigation.php?ajax_request=1&token=63ffe4d2779201df248345a00c381888&aPath=cm9vdA%3D%3D.ZW1wcmVzYQ%3D%3D.dGFibGVz.ZW1wcmVzYXM%3D&vPath=cm9vdA%3D%3D.ZW1wcmVzYQ%3D%3D.VGFibGVz.ZW1wcmVzYXM%3D&pos=0&pos2_name=tables&pos2_value=0&searchClause=&searchClause2=&_nocache=1646312589007301891 HTTP/1.1" 200 3431
::1 - - [03/Mar/2022:14:03:39 +0100] "GET /phpmyadmin/sql.php?db=empresa&table=empleado&server=1&target=&token=63ffe4d2779201df248345a00c381888 HTTP/1.1" 200 17278
::1 - - [03/Mar/2022:14:03:39 +0100] "GET /phpmyadmin/js/get_scripts.js.php?scripts[]=jquery/jquery-1.8.3.js&scripts[]=ajax.js&scripts[]=keyhandler.js&scripts[]=jquery/jquery-ui-1.9.2.custom.js&scripts[]=jquery/jquery.sprintf.js&scripts[]=jquery/jquery.cookie.js&scripts[]=jquery/jquery.mousewheel.js&scripts[]=jquery/jquery.event.drag-2.2.js&scripts[]=jquery/jquery-ui-timepicker-addon.js&scripts[]=jquery/jquery.ba-hashchange-1.3.js&scripts[]=jquery/jquery.debounce-1.0.5.js&scripts[]=jquery/jquery.menuResizer-1.0.js&scripts[]=rte.js&scripts[]=functions.js&scripts[]=navigation.js&scripts[]=indexes.js&scripts[]=common.js&scripts[]=tbl_change.js&scripts[]=tbl_structure.js&scripts[]=gis_data_editor.js&scripts[]=codemirror/lib/codemirror.js&scripts[]=codemirror/mode/mysql/mysql.js HTTP/1.1" 200 600824
::1 - - [03/Mar/2022:14:03:39 +0100] "GET /phpmyadmin/sql.php?db=empresa&table=empresas&server=1&target=&token=63ffe4d2779201df248345a00c381888 HTTP/1.1" 200 35462
::1 - - [03/Mar/2022:14:03:39 +0100] "GET /phpmyadmin/index.php?ajax_request=1&recent_table=1&token=63ffe4d2779201df248345a00c381888 HTTP/1.1" 200 578
