2021-12-21 17:11:22 5016 [Note] Plugin 'FEDERATED' is disabled.
2021-12-21 17:11:22 5016 [Note] InnoDB: The InnoDB memory heap is disabled
2021-12-21 17:11:22 5016 [Note] InnoDB: Mutexes and rw_locks use Windows interlocked functions
2021-12-21 17:11:22 5016 [Note] InnoDB: Compressed tables use zlib 1.2.3
2021-12-21 17:11:22 5016 [Note] InnoDB: Not using CPU crc32 instructions
2021-12-21 17:11:22 5016 [Note] InnoDB: Initializing buffer pool, size = 128.0M
2021-12-21 17:11:22 5016 [Note] InnoDB: Completed initialization of buffer pool
2021-12-21 17:11:22 5016 [Note] InnoDB: Highest supported file format is Barracuda.
2021-12-21 17:11:22 5016 [Note] InnoDB: The log sequence numbers 1626134 and 1626134 in ibdata files do not match the log sequence number 1737296 in the ib_logfiles!
2021-12-21 17:11:22 5016 [Note] InnoDB: Database was not shutdown normally!
2021-12-21 17:11:22 5016 [Note] InnoDB: Starting crash recovery.
2021-12-21 17:11:22 5016 [Note] InnoDB: Reading tablespace information from the .ibd files...
2021-12-21 17:11:22 5016 [Note] InnoDB: Restoring possible half-written data pages 
2021-12-21 17:11:22 5016 [Note] InnoDB: from the doublewrite buffer...
2021-12-21 17:11:22 5016 [Note] InnoDB: 128 rollback segment(s) are active.
2021-12-21 17:11:22 5016 [Note] InnoDB: Waiting for purge to start
2021-12-21 17:11:22 5016 [Note] InnoDB: 5.6.13 started; log sequence number 1737296
2021-12-21 17:11:22 5016 [Note] Server hostname (bind-address): '*'; port: 3307
2021-12-21 17:11:22 5016 [Note] IPv6 is available.
2021-12-21 17:11:22 5016 [Note]   - '::' resolves to '::';
2021-12-21 17:11:22 5016 [Note] Server socket created on IP: '::'.
2021-12-21 18:39:23 8756 [Note] Plugin 'FEDERATED' is disabled.
2021-12-21 18:39:23 8756 [Note] InnoDB: The InnoDB memory heap is disabled
2021-12-21 18:39:23 8756 [Note] InnoDB: Mutexes and rw_locks use Windows interlocked functions
2021-12-21 18:39:23 8756 [Note] InnoDB: Compressed tables use zlib 1.2.3
2021-12-21 18:39:23 8756 [Note] InnoDB: Not using CPU crc32 instructions
2021-12-21 18:39:23 8756 [Note] InnoDB: Initializing buffer pool, size = 128.0M
2021-12-21 18:39:23 8756 [Note] InnoDB: Completed initialization of buffer pool
2021-12-21 18:39:23 8756 [Note] InnoDB: Highest supported file format is Barracuda.
2021-12-21 18:39:23 8756 [Note] InnoDB: The log sequence numbers 1626134 and 1626134 in ibdata files do not match the log sequence number 1737306 in the ib_logfiles!
2021-12-21 18:39:23 8756 [Note] InnoDB: Database was not shutdown normally!
2021-12-21 18:39:23 8756 [Note] InnoDB: Starting crash recovery.
2021-12-21 18:39:23 8756 [Note] InnoDB: Reading tablespace information from the .ibd files...
2021-12-21 18:39:23 8756 [Note] InnoDB: Restoring possible half-written data pages 
2021-12-21 18:39:23 8756 [Note] InnoDB: from the doublewrite buffer...
2021-12-21 18:39:23 8756 [Note] InnoDB: 128 rollback segment(s) are active.
2021-12-21 18:39:23 8756 [Note] InnoDB: Waiting for purge to start
2021-12-21 18:39:23 8756 [Note] InnoDB: 5.6.13 started; log sequence number 1737306
2021-12-21 18:39:23 8756 [Note] Server hostname (bind-address): '*'; port: 3307
2021-12-21 18:39:23 8756 [Note] IPv6 is available.
2021-12-21 18:39:23 8756 [Note]   - '::' resolves to '::';
2021-12-21 18:39:23 8756 [Note] Server socket created on IP: '::'.
2021-12-21 18:44:05 3832 [Note] Plugin 'FEDERATED' is disabled.
2021-12-21 18:44:05 3832 [Note] InnoDB: The InnoDB memory heap is disabled
2021-12-21 18:44:05 3832 [Note] InnoDB: Mutexes and rw_locks use Windows interlocked functions
2021-12-21 18:44:05 3832 [Note] InnoDB: Compressed tables use zlib 1.2.3
2021-12-21 18:44:05 3832 [Note] InnoDB: Not using CPU crc32 instructions
2021-12-21 18:44:05 3832 [Note] InnoDB: Initializing buffer pool, size = 128.0M
2021-12-21 18:44:05 3832 [Note] InnoDB: Completed initialization of buffer pool
2021-12-21 18:44:05 3832 [Note] InnoDB: Highest supported file format is Barracuda.
2021-12-21 18:44:05 3832 [Note] InnoDB: The log sequence numbers 1626134 and 1626134 in ibdata files do not match the log sequence number 1737316 in the ib_logfiles!
2021-12-21 18:44:05 3832 [Note] InnoDB: Database was not shutdown normally!
2021-12-21 18:44:05 3832 [Note] InnoDB: Starting crash recovery.
2021-12-21 18:44:05 3832 [Note] InnoDB: Reading tablespace information from the .ibd files...
2021-12-21 18:44:05 3832 [Note] InnoDB: Restoring possible half-written data pages 
2021-12-21 18:44:05 3832 [Note] InnoDB: from the doublewrite buffer...
2021-12-21 18:44:05 3832 [Note] InnoDB: 128 rollback segment(s) are active.
2021-12-21 18:44:05 3832 [Note] InnoDB: Waiting for purge to start
2021-12-21 18:44:05 3832 [Note] InnoDB: 5.6.13 started; log sequence number 1737316
2021-12-21 18:44:05 3832 [Note] Server hostname (bind-address): '*'; port: 3307
2021-12-21 18:44:05 3832 [Note] IPv6 is available.
2021-12-21 18:44:05 3832 [Note]   - '::' resolves to '::';
2021-12-21 18:44:05 3832 [Note] Server socket created on IP: '::'.
2022-01-11 20:17:16 1564 [Note] Plugin 'FEDERATED' is disabled.
2022-01-11 20:17:16 1564 [Note] InnoDB: The InnoDB memory heap is disabled
2022-01-11 20:17:16 1564 [Note] InnoDB: Mutexes and rw_locks use Windows interlocked functions
2022-01-11 20:17:16 1564 [Note] InnoDB: Compressed tables use zlib 1.2.3
2022-01-11 20:17:16 1564 [Note] InnoDB: Not using CPU crc32 instructions
2022-01-11 20:17:16 1564 [Note] InnoDB: Initializing buffer pool, size = 128.0M
2022-01-11 20:17:16 1564 [Note] InnoDB: Completed initialization of buffer pool
2022-01-11 20:17:16 1564 [Note] InnoDB: Highest supported file format is Barracuda.
2022-01-11 20:17:16 1564 [Note] InnoDB: The log sequence numbers 1626134 and 1626134 in ibdata files do not match the log sequence number 1944863 in the ib_logfiles!
2022-01-11 20:17:16 1564 [Note] InnoDB: Database was not shutdown normally!
2022-01-11 20:17:16 1564 [Note] InnoDB: Starting crash recovery.
2022-01-11 20:17:16 1564 [Note] InnoDB: Reading tablespace information from the .ibd files...
2022-01-11 20:17:16 1564 [Note] InnoDB: Restoring possible half-written data pages 
2022-01-11 20:17:16 1564 [Note] InnoDB: from the doublewrite buffer...
2022-01-11 20:17:16 1564 [Note] InnoDB: 128 rollback segment(s) are active.
2022-01-11 20:17:16 1564 [Note] InnoDB: Waiting for purge to start
2022-01-11 20:17:16 1564 [Note] InnoDB: 5.6.13 started; log sequence number 1944863
2022-01-11 20:17:16 1564 [Note] Server hostname (bind-address): '*'; port: 3307
2022-01-11 20:17:16 1564 [Note] IPv6 is available.
2022-01-11 20:17:16 1564 [Note]   - '::' resolves to '::';
2022-01-11 20:17:16 1564 [Note] Server socket created on IP: '::'.
20222-01-12 116:09:0: 84 1736NoNote] Pugin n 'FDDERATEED' is disaled.d.
2002-01-12 16:09:05 84723 [Note] InnoDB:  Thhe InnnoDB mory he heiap is diesa
bled
2022-01-12 1620022-01-12 16o:e]9:Inn 84B:2 [Nteote] InnoD_B: kMuteexesndand rw_loclks use Windowns 
interlocked functions
2022-01-12 16:09:05 1736 [No2e022-01-12 Compressed tables u] snn zlib 1.2press
ed tables use zlib 1.2.3
2022-02-0221-01-12 164:2 [Note] InnoDB: Not 09:05 1736 [Note] Inruction 
Not using CPU crc32 instructions
2022-01-12 16:09:05 8472 [Note] InnoDB: Initializing buffer pool, size = 128.02
022-01-12 16:09:05 1736 [Note] InnoDB: Initializing buffer pool, size = 128.0M
2022-01-12 16:09:05 8472 [Note] InnoDB:2Co02leted i2niti09:ization of b05fer po [No
te] InnoDB: Completed initialization of buffer pool
2022-01-12 16:09:05 1736 [ERROR] InnoDB: C:\Users\a20armandocb\Documents\Git-Ar\USBWebserver v8.6\mysql\data\ibdata1 can't be opened in read-write mode
2022-01-12 16:09:05 1736 [ERROR] InnoDB: The system tablespace must be writable!
2022-01-12 16:09:05 1736 [ERROR] Plugin 'InnoDB' init function returned error.
2022-01-12 16:09:05 1736 [ERROR] Plugin 'InnoDB' registration as a STORAGE ENGINE failed.
2022-01-12 16:09:05 1736 [ERROR] Unknown/unsupported storage engine: InnoDB
2022-01-12 16:09:05 1736 [ERROR] Aborting

2022-01-12 16:09:05 1736 [Note] Binlog end
2022-01-12 16:09:05 1736 [Note] Shutting down plugin 'partition'
2022-01-12 16:09:05 1736 [Note] Shutting down plugin 'PERFORMANCE_SCHEMA'
2022-01-12 16:09:05 1736 [Note] Shutting down plugin 'INNODB_SYS_DATAFILES'
2022-01-12 16:09:05 1736 [Note] Shutting down plugin 'INNODB_SYS_TABLESPACES'
2022-01-12 16:09:05 1736 [Note] Shutting down plugin 'INNODB_SYS_FOREIGN_COLS'
2022-01-12 16:09:05 1736 [Note] Shutting down plugin 'INNODB_SYS_FOREIGN'
2022-01-12 16:09:05 1736 [Note] Shutting down plugin 'INNODB_SYS_FIELDS'
2022-01-12 16:09:05 1736 [Note] Shutting down plugin 'INNODB_SYS_COLUMNS'
2022-01-12 16:09:05 1736 [Note] Shutting down plugin 'INNODB_SYS_INDEXES'
2022-01-12 16:09:05 1736 [Note] Shutting down plugin 'INNODB_SYS_TABLESTATS'
2022-01-12 16:09:05 1736 [Note] Shutting down plugin 'INNODB_SYS_TABLES'
2022-01-12 16:09:05 1736 [Note] Shutting down plugin 'INNODB_FT_INDEX_TABLE'
2022-01-12 16:09:05 1736 [Note] Shutting down plugin 'INNODB_FT_INDEX_CACHE'
2022-01-12 16:09:05 1736 [Note] Shutting down plugin 'INNODB_FT_CONFIG'
2022-01-12 16:09:05 1736 [Note] Shutting down plugin 'INNODB_FT_BEING_DELETED'
2022-01-12 16:09:05 1736 [Note] Shutting down plugin 'INNODB_FT_DELETED'
2022-01-12 16:09:05 1736 [Note] Shutting down plugin 'INNODB_FT_DEFAULT_STOPWORD'
2022-01-12 16:09:05 1736 [Note] Shutting down plugin 'INNODB_METRICS'
2022-01-12 16:09:05 1736 [Note] Shutting down plugin 'INNODB_BUFFER_POOL_STATS'
2022-01-12 16:09:05 1736 [Note] Shutting down plugin 'INNODB_BUFFER_PAGE_LRU'
2022-01-12 16:09:05 1736 [Note] Shutting down plugin 'INNODB_BUFFER_PAGE'
2022-01-12 16:09:05 1736 [Note] Shutting down plugin 'INNODB_CMP_PER_INDEX_RESET'
2022-01-12 16:09205 84072 [Note0 9:05 1736 [Note] Shuttieg  file format 'INNODB_CMPiPERBaINDEXc'
a.
2022-01-12 16:09:05 1736 [Note] Shutting down plugin 'INNODB_CMPMEM_RESET'
2022-01-12 16:09:05 1736 [Note] Shutting down plugin 'INNODB_CMPMEM'
2022-01-12 16:09:05 1736 [Note] Shutting down plugin 'INNODB_CMP_RESET'
2022-01-12 16:09:05 8472 [Note2022-01-12 16:09:05 1736 [Note] Ss 1626134 anh 1t62613d4 in ibgdnata filBeCsP'do 
not match the log sequence number 1944990 in the ib_logfi2022-
01-12 16:09:05 1736 [Note] Shutting down plugin 'IN2022-01-12 16:09:
05 8472 [Note] InnoDB: Database was not shutdown n2r022ly!-12 16:09:05 1736 [Note] Shutting down plugin 'IN2ODB_LOCKS2'
6:09:05 8472 [Note] InnoDB: Starting crash recovery.
2022-01-12 16:09:05 1736 [Note] Shutting d2wn plugin 'IN:NODB_TRX' [Note] InnoDB: Reading tablespace information from the2.022-01-12 16:
09:05 1736 [Note] Shutting down plugin 'BLACKHOLE'
2022-01-12 16:09:05 1736 [Note] Shutting down plugin 'ARCHIVE'
2022-01-12 16:09:05 1736 [Note] Shutting down plugin 'MRG_MYISAM'
2022-01-12 16:09:05 1736 [Note] Shutting down plugin 'MyISAM'
2022-01-12 16:09:05 1736 [Note] Shutting down plugin 'MEMORY'
2022-01-12 16:09:05 1736 [Note] Shutting down plugin 'CSV'
2022-01-12 16:09:05 1736 [Note] Shutting down plugin 'sha256_password'
2022-01-12 16:09:05 1736 [Note] Shutting down plugin 'mysql_old_password'
2022-01-12 16:09:05 1736 [Note] Shutting down plugin 'mysql_native_password'
2022-01-12 16:09:05 1736 [Note] Shutting down plugin 'binlog'
2022-01-12 16:09:05 1736 [Note] C:\Users\a20armandocb\Documents\Git-Ar\USBWebserver v8.6/mysql/bin/mysqld_usbwv8.exe: Shutdown complete

2022-01-12 16:09:05 8472 [Note] InnoDB: Restoring possible half-written data pages 
2022-01-12 16:09:05 8472 [Note] InnoDB: from the doublewrite buffer...
2022-01-12 16:09:05 8472 [Note] InnoDB: 128 rollback segment(s) are active.
2022-01-12 16:09:05 8472 [Note] InnoDB: Waiting for purge to start
2022-01-12 16:09:05 8472 [Note] InnoDB: 5.6.13 started; log sequence number 1944990
2022-01-12 16:09:05 8472 [Note] Server hostname (bind-address): '*'; port: 3307
2022-01-12 16:09:05 8472 [Note] IPv6 is available.
2022-01-12 16:09:05 8472 [Note]   - '::' resolves to '::';
2022-01-12 16:09:05 8472 [Note] Server socket created on IP: '::'.
2022-01-12 16:42:21 10672 [Note] Plugin 'FEDERATED' is disabled.
2022-01-12 16:42:21 10672 [Note] InnoDB: The InnoDB memory heap is disabled
2022-01-12 16:42:21 10672 [Note] InnoDB: Mutexes and rw_locks use Windows interlocked functions
2022-01-12 16:42:21 10672 [Note] InnoDB: Compressed tables use zlib 1.2.3
2022-01-12 16:42:21 10672 [Note] InnoDB: Not using CPU crc32 instructions
2022-01-12 16:42:21 10672 [Note] InnoDB: Initializing buffer pool, size = 128.0M
2022-01-12 16:42:21 10672 [Note] InnoDB: Completed initialization of buffer pool
2022-01-12 16:42:21 10672 [Note] InnoDB: Highest supported file format is Barracuda.
2022-01-12 16:42:21 10672 [Note] InnoDB: The log sequence numbers 1626134 and 1626134 in ibdata files do not match the log sequence number 1951795 in the ib_logfiles!
2022-01-12 16:42:21 10672 [Note] InnoDB: Database was not shutdown normally!
2022-01-12 16:42:21 10672 [Note] InnoDB: Starting crash recovery.
2022-01-12 16:42:21 10672 [Note] InnoDB: Reading tablespace information from the .ibd files...
2022-01-12 16:42:21 10672 [Note] InnoDB: Restoring possible half-written data pages 
2022-01-12 16:42:21 10672 [Note] InnoDB: from the doublewrite buffer...
2022-01-12 16:42:21 10672 [Note] InnoDB: 128 rollback segment(s) are active.
2022-01-12 16:42:21 10672 [Note] InnoDB: Waiting for purge to start
2022-01-12 16:42:21 10672 [Note] InnoDB: 5.6.13 started; log sequence number 1951795
2022-01-12 16:42:21 10672 [Note] Server hostname (bind-address): '*'; port: 3307
2022-01-12 16:42:21 10672 [Note] IPv6 is available.
2022-01-12 16:42:21 10672 [Note]   - '::' resolves to '::';
2022-01-12 16:42:21 10672 [Note] Server socket created on IP: '::'.
2022-01-17 20:43:11 10832 [Note] Plugin 'FEDERATED' is disabled.
2022-01-17 20:43:11 10832 [Note] InnoDB: The InnoDB memory heap is disabled
2022-01-17 20:43:11 10832 [Note] InnoDB: Mutexes and rw_locks use Windows interlocked functions
2022-01-17 20:43:11 10832 [Note] InnoDB: Compressed tables use zlib 1.2.3
2022-01-17 20:43:11 10832 [Note] InnoDB: Not using CPU crc32 instructions
2022-01-17 20:43:11 10832 [Note] InnoDB: Initializing buffer pool, size = 128.0M
2022-01-17 20:43:11 10832 [Note] InnoDB: Completed initialization of buffer pool
2022-01-17 20:43:11 10832 [Note] InnoDB: Highest supported file format is Barracuda.
2022-01-17 20:43:11 10832 [Note] InnoDB: The log sequence numbers 1626134 and 1626134 in ibdata files do not match the log sequence number 1952022 in the ib_logfiles!
2022-01-17 20:43:11 10832 [Note] InnoDB: Database was not shutdown normally!
2022-01-17 20:43:11 10832 [Note] InnoDB: Starting crash recovery.
2022-01-17 20:43:11 10832 [Note] InnoDB: Reading tablespace information from the .ibd files...
2022-01-17 20:43:11 10832 [Note] InnoDB: Restoring possible half-written data pages 
2022-01-17 20:43:11 10832 [Note] InnoDB: from the doublewrite buffer...
2022-01-17 20:43:11 10832 [Note] InnoDB: 128 rollback segment(s) are active.
2022-01-17 20:43:11 10832 [Note] InnoDB: Waiting for purge to start
2022-01-17 20:43:11 10832 [Note] InnoDB: 5.6.13 started; log sequence number 1952022
2022-01-17 20:43:11 10832 [Note] Server hostname (bind-address): '*'; port: 3307
2022-01-17 20:43:11 10832 [Note] IPv6 is available.
2022-01-17 20:43:11 10832 [Note]   - '::' resolves to '::';
2022-01-17 20:43:11 10832 [Note] Server socket created on IP: '::'.
2022-01-17 21:29:33 4612 [Note] Plugin 'FEDERATED' is disabled.
2022-01-17 21:29:33 4612 [Note] InnoDB: The InnoDB memory heap is disabled
2022-01-17 21:29:33 4612 [Note] InnoDB: Mutexes and rw_locks use Windows interlocked functions
2022-01-17 21:29:33 4612 [Note] InnoDB: Compressed tables use zlib 1.2.3
2022-01-17 21:29:33 4612 [Note] InnoDB: Not using CPU crc32 instructions
2022-01-17 21:29:33 4612 [Note] InnoDB: Initializing buffer pool, size = 128.0M
2022-01-17 21:29:33 4612 [Note] InnoDB: Completed initialization of buffer pool
2022-01-17 21:29:33 4612 [ERROR] InnoDB: C:\Users\a20armandocb\Documents\Git-Ar\USBWebserver v8.6\mysql\data\ibdata1 can't be opened in read-write mode
2022-01-17 21:29:33 4612 [ERROR] InnoDB: The system tablespace must be writable!
2022-01-17 21:29:33 4612 [ERROR] Plugin 'InnoDB' init function returned error.
2022-01-17 21:29:33 4612 [ERROR] Plugin 'InnoDB' registration as a STORAGE ENGINE failed.
2022-01-17 21:29:33 4612 [ERROR] Unknown/unsupported storage engine: InnoDB
2022-01-17 21:29:33 4612 [ERROR] Aborting

2022-01-17 21:29:33 4612 [Note] Binlog end
2022-01-17 21:29:33 4612 [Note] Shutting down plugin 'partition'
2022-01-17 21:29:33 4612 [Note] Shutting down plugin 'PERFORMANCE_SCHEMA'
2022-01-17 21:29:33 4612 [Note] Shutting down plugin 'INNODB_SYS_DATAFILES'
2022-01-17 21:29:33 4612 [Note] Shutting down plugin 'INNODB_SYS_TABLESPACES'
2022-01-17 21:29:33 4612 [Note] Shutting down plugin 'INNODB_SYS_FOREIGN_COLS'
2022-01-17 21:29:33 4612 [Note] Shutting down plugin 'INNODB_SYS_FOREIGN'
2022-01-17 21:29:33 4612 [Note] Shutting down plugin 'INNODB_SYS_FIELDS'
2022-01-17 21:29:33 4612 [Note] Shutting down plugin 'INNODB_SYS_COLUMNS'
2022-01-17 21:29:33 4612 [Note] Shutting down plugin 'INNODB_SYS_INDEXES'
2022-01-17 21:29:33 4612 [Note] Shutting down plugin 'INNODB_SYS_TABLESTATS'
2022-01-17 21:29:33 4612 [Note] Shutting down plugin 'INNODB_SYS_TABLES'
2022-01-17 21:29:33 4612 [Note] Shutting down plugin 'INNODB_FT_INDEX_TABLE'
2022-01-17 21:29:33 4612 [Note] Shutting down plugin 'INNODB_FT_INDEX_CACHE'
2022-01-17 21:29:33 4612 [Note] Shutting down plugin 'INNODB_FT_CONFIG'
2022-01-17 21:29:33 4612 [Note] Shutting down plugin 'INNODB_FT_BEING_DELETED'
2022-01-17 21:29:33 4612 [Note] Shutting down plugin 'INNODB_FT_DELETED'
2022-01-17 21:29:33 4612 [Note] Shutting down plugin 'INNODB_FT_DEFAULT_STOPWORD'
2022-01-17 21:29:33 4612 [Note] Shutting down plugin 'INNODB_METRICS'
2022-01-17 21:29:33 4612 [Note] Shutting down plugin 'INNODB_BUFFER_POOL_STATS'
2022-01-17 21:29:33 4612 [Note] Shutting down plugin 'INNODB_BUFFER_PAGE_LRU'
2022-01-17 21:29:33 4612 [Note] Shutting down plugin 'INNODB_BUFFER_PAGE'
2022-01-17 21:29:33 4612 [Note] Shutting down plugin 'INNODB_CMP_PER_INDEX_RESET'
2022-01-17 21:29:33 4612 [Note] Shutting down plugin 'INNODB_CMP_PER_INDEX'
2022-01-17 21:29:33 4612 [Note] Shutting down plugin 'INNODB_CMPMEM_RESET'
2022-01-17 21:29:33 4612 [Note] Shutting down plugin 'INNODB_CMPMEM'
2022-01-17 21:29:33 4612 [Note] Shutting down plugin 'INNODB_CMP_RESET'
2022-01-17 21:29:33 4612 [Note] Shutting down plugin 'INNODB_CMP'
2022-01-17 21:29:33 4612 [Note] Shutting down plugin 'INNODB_LOCK_WAITS'
2022-01-17 21:29:33 4612 [Note] Shutting down plugin 'INNODB_LOCKS'
2022-01-17 21:29:33 4612 [Note] Shutting down plugin 'INNODB_TRX'
2022-01-17 21:29:33 4612 [Note] Shutting down plugin 'BLACKHOLE'
2022-01-17 21:29:33 4612 [Note] Shutting down plugin 'ARCHIVE'
2022-01-17 21:29:33 4612 [Note] Shutting down plugin 'MRG_MYISAM'
2022-01-17 21:29:33 4612 [Note] Shutting down plugin 'MyISAM'
2022-01-17 21:29:33 4612 [Note] Shutting down plugin 'MEMORY'
2022-01-17 21:29:33 4612 [Note] Shutting down plugin 'CSV'
2022-01-17 21:29:33 4612 [Note] Shutting down plugin 'sha256_password'
2022-01-17 21:29:33 4612 [Note] Shutting down plugin 'mysql_old_password'
2022-01-17 21:29:33 4612 [Note] Shutting down plugin 'mysql_native_password'
2022-01-17 21:29:33 4612 [Note] Shutting down plugin 'binlog'
2022-01-17 21:29:33 4612 [Note] C:\Users\a20armandocb\Documents\Git-Ar\USBWebserver v8.6/mysql/bin/mysqld_usbwv8.exe: Shutdown complete

2022-01-17 21:29:49 13432 [Note] Plugin 'FEDERATED' is disabled.
2022-01-17 21:29:49 13432 [Note] InnoDB: The InnoDB memory heap is disabled
2022-01-17 21:29:49 13432 [Note] InnoDB: Mutexes and rw_locks use Windows interlocked functions
2022-01-17 21:29:49 13432 [Note] InnoDB: Compressed tables use zlib 1.2.3
2022-01-17 21:29:49 13432 [Note] InnoDB: Not using CPU crc32 instructions
2022-01-17 21:29:49 13432 [Note] InnoDB: Initializing buffer pool, size = 128.0M
2022-01-17 21:29:49 13432 [Note] InnoDB: Completed initialization of buffer pool
2022-01-17 21:29:49 13432 [Note] InnoDB: Highest supported file format is Barracuda.
2022-01-17 21:29:49 13432 [Note] InnoDB: The log sequence numbers 1626134 and 1626134 in ibdata files do not match the log sequence number 1954084 in the ib_logfiles!
2022-01-17 21:29:49 13432 [Note] InnoDB: Database was not shutdown normally!
2022-01-17 21:29:49 13432 [Note] InnoDB: Starting crash recovery.
2022-01-17 21:29:49 13432 [Note] InnoDB: Reading tablespace information from the .ibd files...
2022-01-17 21:29:49 13432 [Note] InnoDB: Restoring possible half-written data pages 
2022-01-17 21:29:49 13432 [Note] InnoDB: from the doublewrite buffer...
2022-01-17 21:29:49 13432 [Note] InnoDB: 128 rollback segment(s) are active.
2022-01-17 21:29:49 13432 [Note] InnoDB: Waiting for purge to start
2022-01-17 21:29:49 13432 [Note] InnoDB: 5.6.13 started; log sequence number 1954084
2022-01-17 21:29:49 13432 [Note] Server hostname (bind-address): '*'; port: 3307
2022-01-17 21:29:49 13432 [Note] IPv6 is available.
2022-01-17 21:29:49 13432 [Note]   - '::' resolves to '::';
2022-01-17 21:29:49 13432 [Note] Server socket created on IP: '::'.
2022-01-18 18:37:42 9200 [Note] Plugin 'FEDERATED' is disabled.
2022-01-18 18:37:42 9200 [Note] InnoDB: The InnoDB memory heap is disabled
2022-01-18 18:37:42 9200 [Note] InnoDB: Mutexes and rw_locks use Windows interlocked functions
2022-01-18 18:37:42 9200 [Note] InnoDB: Compressed tables use zlib 1.2.3
2022-01-18 18:37:42 9200 [Note] InnoDB: Not using CPU crc32 instructions
2022-01-18 18:37:42 9200 [Note] InnoDB: Initializing buffer pool, size = 128.0M
2022-01-18 18:37:42 9200 [Note] InnoDB: Completed initialization of buffer pool
2022-01-18 18:37:42 9200 [Note] InnoDB: Highest supported file format is Barracuda.
2022-01-18 18:37:42 9200 [Note] InnoDB: The log sequence numbers 1626134 and 1626134 in ibdata files do not match the log sequence number 1954094 in the ib_logfiles!
2022-01-18 18:37:42 9200 [Note] InnoDB: Database was not shutdown normally!
2022-01-18 18:37:42 9200 [Note] InnoDB: Starting crash recovery.
2022-01-18 18:37:42 9200 [Note] InnoDB: Reading tablespace information from the .ibd files...
2022-01-18 18:37:42 9200 [Note] InnoDB: Restoring possible half-written data pages 
2022-01-18 18:37:42 9200 [Note] InnoDB: from the doublewrite buffer...
2022-01-18 18:37:42 9200 [Note] InnoDB: 128 rollback segment(s) are active.
2022-01-18 18:37:42 9200 [Note] InnoDB: Waiting for purge to start
2022-01-18 18:37:42 9200 [Note] InnoDB: 5.6.13 started; log sequence number 1954094
2022-01-18 18:37:42 9200 [Note] Server hostname (bind-address): '*'; port: 3307
2022-01-18 18:37:42 9200 [Note] IPv6 is available.
2022-01-18 18:37:42 9200 [Note]   - '::' resolves to '::';
2022-01-18 18:37:42 9200 [Note] Server socket created on IP: '::'.
2022-01-18 19:31:43 12348 [Note] Plugin 'FEDERATED' is disabled.
2022-01-18 19:31:43 12348 [Note] InnoDB: The InnoDB memory heap is disabled
2022-01-18 19:31:43 12348 [Note] InnoDB: Mutexes and rw_locks use Windows interlocked functions
2022-01-18 19:31:43 12348 [Note] InnoDB: Compressed tables use zlib 1.2.3
2022-01-18 19:31:43 12348 [Note] InnoDB: Not using CPU crc32 instructions
2022-01-18 19:31:43 12348 [Note] InnoDB: Initializing buffer pool, size = 128.0M
2022-01-18 19:31:43 12348 [Note] InnoDB: Completed initialization of buffer pool
2022-01-18 19:31:43 12348 [Note] InnoDB: Highest supported file format is Barracuda.
2022-01-18 19:31:43 12348 [Note] InnoDB: The log sequence numbers 1626134 and 1626134 in ibdata files do not match the log sequence number 1954478 in the ib_logfiles!
2022-01-18 19:31:43 12348 [Note] InnoDB: Database was not shutdown normally!
2022-01-18 19:31:43 12348 [Note] InnoDB: Starting crash recovery.
2022-01-18 19:31:43 12348 [Note] InnoDB: Reading tablespace information from the .ibd files...
2022-01-18 19:31:43 12348 [Note] InnoDB: Restoring possible half-written data pages 
2022-01-18 19:31:43 12348 [Note] InnoDB: from the doublewrite buffer...
2022-01-18 19:31:43 12348 [Note] InnoDB: 128 rollback segment(s) are active.
2022-01-18 19:31:43 12348 [Note] InnoDB: Waiting for purge to start
2022-01-18 19:31:43 12348 [Note] InnoDB: 5.6.13 started; log sequence number 1954478
2022-01-18 19:31:43 12348 [Note] Server hostname (bind-address): '*'; port: 3307
2022-01-18 19:31:43 12348 [Note] IPv6 is available.
2022-01-18 19:31:43 12348 [Note]   - '::' resolves to '::';
2022-01-18 19:31:43 12348 [Note] Server socket created on IP: '::'.
2022-01-18 20:25:24 13068 [Note] Plugin 'FEDERATED' is disabled.
2022-01-18 20:25:24 13068 [Note] InnoDB: The InnoDB memory heap is disabled
2022-01-18 20:25:24 13068 [Note] InnoDB: Mutexes and rw_locks use Windows interlocked functions
2022-01-18 20:25:24 13068 [Note] InnoDB: Compressed tables use zlib 1.2.3
2022-01-18 20:25:24 13068 [Note] InnoDB: Not using CPU crc32 instructions
2022-01-18 20:25:24 13068 [Note] InnoDB: Initializing buffer pool, size = 128.0M
2022-01-18 20:25:24 13068 [Note] InnoDB: Completed initialization of buffer pool
2022-01-18 20:25:24 13068 [Note] InnoDB: Highest supported file format is Barracuda.
2022-01-18 20:25:24 13068 [Note] InnoDB: The log sequence numbers 1626134 and 1626134 in ibdata files do not match the log sequence number 1954488 in the ib_logfiles!
2022-01-18 20:25:24 13068 [Note] InnoDB: Database was not shutdown normally!
2022-01-18 20:25:24 13068 [Note] InnoDB: Starting crash recovery.
2022-01-18 20:25:24 13068 [Note] InnoDB: Reading tablespace information from the .ibd files...
2022-01-18 20:25:24 13068 [Note] InnoDB: Restoring possible half-written data pages 
2022-01-18 20:25:24 13068 [Note] InnoDB: from the doublewrite buffer...
2022-01-18 20:25:24 13068 [Note] InnoDB: 128 rollback segment(s) are active.
2022-01-18 20:25:24 13068 [Note] InnoDB: Waiting for purge to start
2022-01-18 20:25:24 13068 [Note] InnoDB: 5.6.13 started; log sequence number 1954488
2022-01-18 20:25:24 13068 [Note] Server hostname (bind-address): '*'; port: 3307
2022-01-18 20:25:24 13068 [Note] IPv6 is available.
2022-01-18 20:25:24 13068 [Note]   - '::' resolves to '::';
2022-01-18 20:25:24 13068 [Note] Server socket created on IP: '::'.
2022-01-26 16:19:03 9380 [Note] Plugin 'FEDERATED' is disabled.
2022-01-26 16:19:03 9380 [Note] InnoDB: The InnoDB memory heap is disabled
2022-01-26 16:19:03 9380 [Note] InnoDB: Mutexes and rw_locks use Windows interlocked functions
2022-01-26 16:19:03 9380 [Note] InnoDB: Compressed tables use zlib 1.2.3
2022-01-26 16:19:03 9380 [Note] InnoDB: Not using CPU crc32 instructions
2022-01-26 16:19:03 9380 [Note] InnoDB: Initializing buffer pool, size = 128.0M
2022-01-26 16:19:03 9380 [Note] InnoDB: Completed initialization of buffer pool
2022-01-26 16:19:03 9380 [Note] InnoDB: Highest supported file format is Barracuda.
2022-01-26 16:19:03 9380 [Note] InnoDB: The log sequence numbers 1626134 and 1626134 in ibdata files do not match the log sequence number 1954615 in the ib_logfiles!
2022-01-26 16:19:03 9380 [Note] InnoDB: Database was not shutdown normally!
2022-01-26 16:19:03 9380 [Note] InnoDB: Starting crash recovery.
2022-01-26 16:19:03 9380 [Note] InnoDB: Reading tablespace information from the .ibd files...
2022-01-26 16:19:03 9380 [Note] InnoDB: Restoring possible half-written data pages 
2022-01-26 16:19:03 9380 [Note] InnoDB: from the doublewrite buffer...
2022-01-26 16:19:03 9380 [Note] InnoDB: 128 rollback segment(s) are active.
2022-01-26 16:19:03 9380 [Note] InnoDB: Waiting for purge to start
2022-01-26 16:19:04 9380 [Note] InnoDB: 5.6.13 started; log sequence number 1954615
2022-01-26 16:19:04 9380 [Note] Server hostname (bind-address): '*'; port: 3307
2022-01-26 16:19:04 9380 [Note] IPv6 is available.
2022-01-26 16:19:04 9380 [Note]   - '::' resolves to '::';
2022-01-26 16:19:04 9380 [Note] Server socket created on IP: '::'.
2022-01-26 18:16:14 5024 [Note] Plugin 'FEDERATED' is disabled.
2022-01-26 18:16:14 5024 [Note] InnoDB: The InnoDB memory heap is disabled
2022-01-26 18:16:14 5024 [Note] InnoDB: Mutexes and rw_locks use Windows interlocked functions
2022-01-26 18:16:14 5024 [Note] InnoDB: Compressed tables use zlib 1.2.3
2022-01-26 18:16:14 5024 [Note] InnoDB: Not using CPU crc32 instructions
2022-01-26 18:16:14 5024 [Note] InnoDB: Initializing buffer pool, size = 128.0M
2022-01-26 18:16:14 5024 [Note] InnoDB: Completed initialization of buffer pool
2022-01-26 18:16:14 5024 [Note] InnoDB: Highest supported file format is Barracuda.
2022-01-26 18:16:14 5024 [Note] InnoDB: The log sequence numbers 1626134 and 1626134 in ibdata files do not match the log sequence number 2264757 in the ib_logfiles!
2022-01-26 18:16:14 5024 [Note] InnoDB: Database was not shutdown normally!
2022-01-26 18:16:14 5024 [Note] InnoDB: Starting crash recovery.
2022-01-26 18:16:14 5024 [Note] InnoDB: Reading tablespace information from the .ibd files...
2022-01-26 18:16:14 5024 [Note] InnoDB: Restoring possible half-written data pages 
2022-01-26 18:16:14 5024 [Note] InnoDB: from the doublewrite buffer...
2022-01-26 18:16:15 5024 [Note] InnoDB: 128 rollback segment(s) are active.
2022-01-26 18:16:15 5024 [Note] InnoDB: Waiting for purge to start
2022-01-26 18:16:15 5024 [Note] InnoDB: 5.6.13 started; log sequence number 2264757
2022-01-26 18:16:15 5024 [Note] Server hostname (bind-address): '*'; port: 3307
2022-01-26 18:16:15 5024 [Note] IPv6 is available.
2022-01-26 18:16:15 5024 [Note]   - '::' resolves to '::';
2022-01-26 18:16:15 5024 [Note] Server socket created on IP: '::'.
2022-02-08 18:57:55 9316 [Note] Plugin 'FEDERATED' is disabled.
2022-02-08 18:57:55 9316 [Note] InnoDB: The InnoDB memory heap is disabled
2022-02-08 18:57:55 9316 [Note] InnoDB: Mutexes and rw_locks use Windows interlocked functions
2022-02-08 18:57:55 9316 [Note] InnoDB: Compressed tables use zlib 1.2.3
2022-02-08 18:57:55 9316 [Note] InnoDB: Not using CPU crc32 instructions
2022-02-08 18:57:55 9316 [Note] InnoDB: Initializing buffer pool, size = 128.0M
2022-02-08 18:57:55 9316 [Note] InnoDB: Completed initialization of buffer pool
2022-02-08 18:57:55 9316 [Note] InnoDB: Highest supported file format is Barracuda.
2022-02-08 18:57:55 9316 [Note] InnoDB: The log sequence numbers 1626134 and 1626134 in ibdata files do not match the log sequence number 2266722 in the ib_logfiles!
2022-02-08 18:57:55 9316 [Note] InnoDB: Database was not shutdown normally!
2022-02-08 18:57:55 9316 [Note] InnoDB: Starting crash recovery.
2022-02-08 18:57:55 9316 [Note] InnoDB: Reading tablespace information from the .ibd files...
2022-02-08 18:57:55 9316 [Note] InnoDB: Restoring possible half-written data pages 
2022-02-08 18:57:55 9316 [Note] InnoDB: from the doublewrite buffer...
2022-02-08 18:57:55 9316 [Note] InnoDB: 128 rollback segment(s) are active.
2022-02-08 18:57:55 9316 [Note] InnoDB: Waiting for purge to start
2022-02-08 18:57:55 9316 [Note] InnoDB: 5.6.13 started; log sequence number 2266722
2022-02-08 18:57:55 9316 [Note] Server hostname (bind-address): '*'; port: 3307
2022-02-08 18:57:55 9316 [Note] IPv6 is available.
2022-02-08 18:57:55 9316 [Note]   - '::' resolves to '::';
2022-02-08 18:57:55 9316 [Note] Server socket created on IP: '::'.
2022-02-08 20:05:25 7524 [Note] Plugin 'FEDERATED' is disabled.
2022-02-08 20:05:25 7524 [Note] InnoDB: The InnoDB memory heap is disabled
2022-02-08 20:05:25 7524 [Note] InnoDB: Mutexes and rw_locks use Windows interlocked functions
2022-02-08 20:05:25 7524 [Note] InnoDB: Compressed tables use zlib 1.2.3
2022-02-08 20:05:25 7524 [Note] InnoDB: Not using CPU crc32 instructions
2022-02-08 20:05:25 7524 [Note] InnoDB: Initializing buffer pool, size = 128.0M
2022-02-08 20:05:25 7524 [Note] InnoDB: Completed initialization of buffer pool
2022-02-08 20:05:25 7524 [Note] InnoDB: Highest supported file format is Barracuda.
2022-02-08 20:05:25 7524 [Note] InnoDB: The log sequence numbers 1626134 and 1626134 in ibdata files do not match the log sequence number 2299727 in the ib_logfiles!
2022-02-08 20:05:25 7524 [Note] InnoDB: Database was not shutdown normally!
2022-02-08 20:05:25 7524 [Note] InnoDB: Starting crash recovery.
2022-02-08 20:05:25 7524 [Note] InnoDB: Reading tablespace information from the .ibd files...
2022-02-08 20:05:25 7524 [Note] InnoDB: Restoring possible half-written data pages 
2022-02-08 20:05:25 7524 [Note] InnoDB: from the doublewrite buffer...
2022-02-08 20:05:25 7524 [Note] InnoDB: 128 rollback segment(s) are active.
2022-02-08 20:05:25 7524 [Note] InnoDB: Waiting for purge to start
2022-02-08 20:05:25 7524 [Note] InnoDB: 5.6.13 started; log sequence number 2299727
2022-02-08 20:05:25 7524 [Note] Server hostname (bind-address): '*'; port: 3307
2022-02-08 20:05:25 7524 [Note] IPv6 is available.
2022-02-08 20:05:25 7524 [Note]   - '::' resolves to '::';
2022-02-08 20:05:25 7524 [Note] Server socket created on IP: '::'.
2022-02-09 16:04:14 8628 [Note] Plugin 'FEDERATED' is disabled.
2022-02-09 16:04:14 8628 [Note] InnoDB: The InnoDB memory heap is disabled
2022-02-09 16:04:14 8628 [Note] InnoDB: Mutexes and rw_locks use Windows interlocked functions
2022-02-09 16:04:14 8628 [Note] InnoDB: Compressed tables use zlib 1.2.3
2022-02-09 16:04:14 8628 [Note] InnoDB: Not using CPU crc32 instructions
2022-02-09 16:04:14 8628 [Note] InnoDB: Initializing buffer pool, size = 128.0M
2022-02-09 16:04:14 8628 [Note] InnoDB: Completed initialization of buffer pool
2022-02-09 16:04:14 8628 [Note] InnoDB: Highest supported file format is Barracuda.
2022-02-09 16:04:14 8628 [Note] InnoDB: The log sequence numbers 1626134 and 1626134 in ibdata files do not match the log sequence number 2299737 in the ib_logfiles!
2022-02-09 16:04:14 8628 [Note] InnoDB: Database was not shutdown normally!
2022-02-09 16:04:14 8628 [Note] InnoDB: Starting crash recovery.
2022-02-09 16:04:14 8628 [Note] InnoDB: Reading tablespace information from the .ibd files...
2022-02-09 16:04:14 8628 [Note] InnoDB: Restoring possible half-written data pages 
2022-02-09 16:04:14 8628 [Note] InnoDB: from the doublewrite buffer...
2022-02-09 16:04:14 8628 [Note] InnoDB: 128 rollback segment(s) are active.
2022-02-09 16:04:14 8628 [Note] InnoDB: Waiting for purge to start
2022-02-09 16:04:14 8628 [Note] InnoDB: 5.6.13 started; log sequence number 2299737
2022-02-09 16:04:14 8628 [Note] Server hostname (bind-address): '*'; port: 3307
2022-02-09 16:04:14 8628 [Note] IPv6 is available.
2022-02-09 16:04:14 8628 [Note]   - '::' resolves to '::';
2022-02-09 16:04:14 8628 [Note] Server socket created on IP: '::'.
2022-02-09 16:07:38 9632 [Note] Plugin 'FEDERATED' is disabled.
2022-02-09 16:07:38 9632 [Note] InnoDB: The InnoDB memory heap is disabled
2022-02-09 16:07:38 9632 [Note] InnoDB: Mutexes and rw_locks use Windows interlocked functions
2022-02-09 16:07:38 9632 [Note] InnoDB: Compressed tables use zlib 1.2.3
2022-02-09 16:07:38 9632 [Note] InnoDB: Not using CPU crc32 instructions
2022-02-09 16:07:38 9632 [Note] InnoDB: Initializing buffer pool, size = 128.0M
2022-02-09 16:07:38 9632 [Note] InnoDB: Completed initialization of buffer pool
2022-02-09 16:07:38 9632 [Note] InnoDB: Highest supported file format is Barracuda.
2022-02-09 16:07:38 9632 [Note] InnoDB: The log sequence numbers 1626134 and 1626134 in ibdata files do not match the log sequence number 2299747 in the ib_logfiles!
2022-02-09 16:07:38 9632 [Note] InnoDB: Database was not shutdown normally!
2022-02-09 16:07:38 9632 [Note] InnoDB: Starting crash recovery.
2022-02-09 16:07:38 9632 [Note] InnoDB: Reading tablespace information from the .ibd files...
2022-02-09 16:07:38 9632 [Note] InnoDB: Restoring possible half-written data pages 
2022-02-09 16:07:38 9632 [Note] InnoDB: from the doublewrite buffer...
2022-02-09 16:07:38 9632 [Note] InnoDB: 128 rollback segment(s) are active.
2022-02-09 16:07:38 9632 [Note] InnoDB: Waiting for purge to start
2022-02-09 16:07:38 9632 [Note] InnoDB: 5.6.13 started; log sequence number 2299747
2022-02-09 16:07:38 9632 [ERROR] C:\Users\a20armandocb\Documents\Git-Ar\UsbWebserver/mysql/bin/mysqld_usbwv8.exe: unknown variable 'serverTimezone=UTC'
2022-02-09 16:07:38 9632 [ERROR] Aborting

2022-02-09 16:07:38 9632 [Note] Binlog end
2022-02-09 16:07:38 9632 [Note] Shutting down plugin 'partition'
2022-02-09 16:07:38 9632 [Note] Shutting down plugin 'PERFORMANCE_SCHEMA'
2022-02-09 16:07:38 9632 [Note] Shutting down plugin 'INNODB_SYS_DATAFILES'
2022-02-09 16:07:38 9632 [Note] Shutting down plugin 'INNODB_SYS_TABLESPACES'
2022-02-09 16:07:38 9632 [Note] Shutting down plugin 'INNODB_SYS_FOREIGN_COLS'
2022-02-09 16:07:38 9632 [Note] Shutting down plugin 'INNODB_SYS_FOREIGN'
2022-02-09 16:07:38 9632 [Note] Shutting down plugin 'INNODB_SYS_FIELDS'
2022-02-09 16:07:38 9632 [Note] Shutting down plugin 'INNODB_SYS_COLUMNS'
2022-02-09 16:07:38 9632 [Note] Shutting down plugin 'INNODB_SYS_INDEXES'
2022-02-09 16:07:38 9632 [Note] Shutting down plugin 'INNODB_SYS_TABLESTATS'
2022-02-09 16:07:38 9632 [Note] Shutting down plugin 'INNODB_SYS_TABLES'
2022-02-09 16:07:38 9632 [Note] Shutting down plugin 'INNODB_FT_INDEX_TABLE'
2022-02-09 16:07:38 9632 [Note] Shutting down plugin 'INNODB_FT_INDEX_CACHE'
2022-02-09 16:07:38 9632 [Note] Shutting down plugin 'INNODB_FT_CONFIG'
2022-02-09 16:07:38 9632 [Note] Shutting down plugin 'INNODB_FT_BEING_DELETED'
2022-02-09 16:07:38 9632 [Note] Shutting down plugin 'INNODB_FT_DELETED'
2022-02-09 16:07:38 9632 [Note] Shutting down plugin 'INNODB_FT_DEFAULT_STOPWORD'
2022-02-09 16:07:38 9632 [Note] Shutting down plugin 'INNODB_METRICS'
2022-02-09 16:07:38 9632 [Note] Shutting down plugin 'INNODB_BUFFER_POOL_STATS'
2022-02-09 16:07:38 9632 [Note] Shutting down plugin 'INNODB_BUFFER_PAGE_LRU'
2022-02-09 16:07:38 9632 [Note] Shutting down plugin 'INNODB_BUFFER_PAGE'
2022-02-09 16:07:38 9632 [Note] Shutting down plugin 'INNODB_CMP_PER_INDEX_RESET'
2022-02-09 16:07:38 9632 [Note] Shutting down plugin 'INNODB_CMP_PER_INDEX'
2022-02-09 16:07:38 9632 [Note] Shutting down plugin 'INNODB_CMPMEM_RESET'
2022-02-09 16:07:38 9632 [Note] Shutting down plugin 'INNODB_CMPMEM'
2022-02-09 16:07:38 9632 [Note] Shutting down plugin 'INNODB_CMP_RESET'
2022-02-09 16:07:38 9632 [Note] Shutting down plugin 'INNODB_CMP'
2022-02-09 16:07:38 9632 [Note] Shutting down plugin 'INNODB_LOCK_WAITS'
2022-02-09 16:07:38 9632 [Note] Shutting down plugin 'INNODB_LOCKS'
2022-02-09 16:07:38 9632 [Note] Shutting down plugin 'INNODB_TRX'
2022-02-09 16:07:38 9632 [Note] Shutting down plugin 'InnoDB'
2022-02-09 16:07:38 9632 [Note] InnoDB: FTS optimize thread exiting.
2022-02-09 16:07:38 9632 [Note] InnoDB: Starting shutdown...
2022-02-09 16:07:39 9632 [Note] InnoDB: Shutdown completed; log sequence number 2299757
2022-02-09 16:07:39 9632 [Note] Shutting down plugin 'BLACKHOLE'
2022-02-09 16:07:39 9632 [Note] Shutting down plugin 'ARCHIVE'
2022-02-09 16:07:39 9632 [Note] Shutting down plugin 'MRG_MYISAM'
2022-02-09 16:07:39 9632 [Note] Shutting down plugin 'MyISAM'
2022-02-09 16:07:39 9632 [Note] Shutting down plugin 'MEMORY'
2022-02-09 16:07:39 9632 [Note] Shutting down plugin 'CSV'
2022-02-09 16:07:39 9632 [Note] Shutting down plugin 'sha256_password'
2022-02-09 16:07:39 9632 [Note] Shutting down plugin 'mysql_old_password'
2022-02-09 16:07:39 9632 [Note] Shutting down plugin 'mysql_native_password'
2022-02-09 16:07:39 9632 [Note] Shutting down plugin 'binlog'
2022-02-09 16:07:39 9632 [Note] C:\Users\a20armandocb\Documents\Git-Ar\UsbWebserver/mysql/bin/mysqld_usbwv8.exe: Shutdown complete

2022-02-09 16:07:45 5440 [Note] Plugin 'FEDERATED' is disabled.
2022-02-09 16:07:45 5440 [Note] InnoDB: The InnoDB memory heap is disabled
2022-02-09 16:07:45 5440 [Note] InnoDB: Mutexes and rw_locks use Windows interlocked functions
2022-02-09 16:07:45 5440 [Note] InnoDB: Compressed tables use zlib 1.2.3
2022-02-09 16:07:45 5440 [Note] InnoDB: Not using CPU crc32 instructions
2022-02-09 16:07:45 5440 [Note] InnoDB: Initializing buffer pool, size = 128.0M
2022-02-09 16:07:45 5440 [Note] InnoDB: Completed initialization of buffer pool
2022-02-09 16:07:45 5440 [Note] InnoDB: Highest supported file format is Barracuda.
2022-02-09 16:07:45 5440 [Note] InnoDB: 128 rollback segment(s) are active.
2022-02-09 16:07:45 5440 [Note] InnoDB: Waiting for purge to start
2022-02-09 16:07:45 5440 [Note] InnoDB: 5.6.13 started; log sequence number 2299757
2022-02-09 16:07:45 5440 [ERROR] C:\Users\a20armandocb\Documents\Git-Ar\UsbWebserver/mysql/bin/mysqld_usbwv8.exe: unknown variable 'serverTimezone=UTC'
2022-02-09 16:07:45 5440 [ERROR] Aborting

2022-02-09 16:07:45 5440 [Note] Binlog end
2022-02-09 16:07:45 5440 [Note] Shutting down plugin 'partition'
2022-02-09 16:07:45 5440 [Note] Shutting down plugin 'PERFORMANCE_SCHEMA'
2022-02-09 16:07:45 5440 [Note] Shutting down plugin 'INNODB_SYS_DATAFILES'
2022-02-09 16:07:45 5440 [Note] Shutting down plugin 'INNODB_SYS_TABLESPACES'
2022-02-09 16:07:45 5440 [Note] Shutting down plugin 'INNODB_SYS_FOREIGN_COLS'
2022-02-09 16:07:45 5440 [Note] Shutting down plugin 'INNODB_SYS_FOREIGN'
2022-02-09 16:07:45 5440 [Note] Shutting down plugin 'INNODB_SYS_FIELDS'
2022-02-09 16:07:45 5440 [Note] Shutting down plugin 'INNODB_SYS_COLUMNS'
2022-02-09 16:07:45 5440 [Note] Shutting down plugin 'INNODB_SYS_INDEXES'
2022-02-09 16:07:45 5440 [Note] Shutting down plugin 'INNODB_SYS_TABLESTATS'
2022-02-09 16:07:45 5440 [Note] Shutting down plugin 'INNODB_SYS_TABLES'
2022-02-09 16:07:45 5440 [Note] Shutting down plugin 'INNODB_FT_INDEX_TABLE'
2022-02-09 16:07:45 5440 [Note] Shutting down plugin 'INNODB_FT_INDEX_CACHE'
2022-02-09 16:07:45 5440 [Note] Shutting down plugin 'INNODB_FT_CONFIG'
2022-02-09 16:07:45 5440 [Note] Shutting down plugin 'INNODB_FT_BEING_DELETED'
2022-02-09 16:07:45 5440 [Note] Shutting down plugin 'INNODB_FT_DELETED'
2022-02-09 16:07:45 5440 [Note] Shutting down plugin 'INNODB_FT_DEFAULT_STOPWORD'
2022-02-09 16:07:45 5440 [Note] Shutting down plugin 'INNODB_METRICS'
2022-02-09 16:07:45 5440 [Note] Shutting down plugin 'INNODB_BUFFER_POOL_STATS'
2022-02-09 16:07:45 5440 [Note] Shutting down plugin 'INNODB_BUFFER_PAGE_LRU'
2022-02-09 16:07:45 5440 [Note] Shutting down plugin 'INNODB_BUFFER_PAGE'
2022-02-09 16:07:45 5440 [Note] Shutting down plugin 'INNODB_CMP_PER_INDEX_RESET'
2022-02-09 16:07:45 5440 [Note] Shutting down plugin 'INNODB_CMP_PER_INDEX'
2022-02-09 16:07:45 5440 [Note] Shutting down plugin 'INNODB_CMPMEM_RESET'
2022-02-09 16:07:45 5440 [Note] Shutting down plugin 'INNODB_CMPMEM'
2022-02-09 16:07:45 5440 [Note] Shutting down plugin 'INNODB_CMP_RESET'
2022-02-09 16:07:45 5440 [Note] Shutting down plugin 'INNODB_CMP'
2022-02-09 16:07:45 5440 [Note] Shutting down plugin 'INNODB_LOCK_WAITS'
2022-02-09 16:07:45 5440 [Note] Shutting down plugin 'INNODB_LOCKS'
2022-02-09 16:07:45 5440 [Note] Shutting down plugin 'INNODB_TRX'
2022-02-09 16:07:45 5440 [Note] Shutting down plugin 'InnoDB'
2022-02-09 16:07:45 5440 [Note] InnoDB: FTS optimize thread exiting.
2022-02-09 16:07:45 5440 [Note] InnoDB: Starting shutdown...
2022-02-09 16:07:46 5440 [Note] InnoDB: Shutdown completed; log sequence number 2299767
2022-02-09 16:07:46 5440 [Note] Shutting down plugin 'BLACKHOLE'
2022-02-09 16:07:46 5440 [Note] Shutting down plugin 'ARCHIVE'
2022-02-09 16:07:46 5440 [Note] Shutting down plugin 'MRG_MYISAM'
2022-02-09 16:07:46 5440 [Note] Shutting down plugin 'MyISAM'
2022-02-09 16:07:46 5440 [Note] Shutting down plugin 'MEMORY'
2022-02-09 16:07:46 5440 [Note] Shutting down plugin 'CSV'
2022-02-09 16:07:46 5440 [Note] Shutting down plugin 'sha256_password'
2022-02-09 16:07:46 5440 [Note] Shutting down plugin 'mysql_old_password'
2022-02-09 16:07:46 5440 [Note] Shutting down plugin 'mysql_native_password'
2022-02-09 16:07:46 5440 [Note] Shutting down plugin 'binlog'
2022-02-09 16:07:46 5440 [Note] C:\Users\a20armandocb\Documents\Git-Ar\UsbWebserver/mysql/bin/mysqld_usbwv8.exe: Shutdown complete

2022-02-09 16:08:44 11320 [Note] Plugin 'FEDERATED' is disabled.
2022-02-09 16:08:44 11320 [Note] InnoDB: The InnoDB memory heap is disabled
2022-02-09 16:08:44 11320 [Note] InnoDB: Mutexes and rw_locks use Windows interlocked functions
2022-02-09 16:08:44 11320 [Note] InnoDB: Compressed tables use zlib 1.2.3
2022-02-09 16:08:44 11320 [Note] InnoDB: Not using CPU crc32 instructions
2022-02-09 16:08:44 11320 [Note] InnoDB: Initializing buffer pool, size = 128.0M
2022-02-09 16:08:44 11320 [Note] InnoDB: Completed initialization of buffer pool
2022-02-09 16:08:44 11320 [Note] InnoDB: Highest supported file format is Barracuda.
2022-02-09 16:08:44 11320 [Note] InnoDB: 128 rollback segment(s) are active.
2022-02-09 16:08:44 11320 [Note] InnoDB: Waiting for purge to start
2022-02-09 16:08:44 11320 [Note] InnoDB: 5.6.13 started; log sequence number 2299767
2022-02-09 16:08:44 11320 [ERROR] C:\Users\a20armandocb\Documents\Git-Ar\UsbWebserver/mysql/bin/mysqld_usbwv8.exe: unknown variable 'serverTimezone=UTC'
2022-02-09 16:08:44 11320 [ERROR] Aborting

2022-02-09 16:08:44 11320 [Note] Binlog end
2022-02-09 16:08:44 11320 [Note] Shutting down plugin 'partition'
2022-02-09 16:08:44 11320 [Note] Shutting down plugin 'PERFORMANCE_SCHEMA'
2022-02-09 16:08:44 11320 [Note] Shutting down plugin 'INNODB_SYS_DATAFILES'
2022-02-09 16:08:44 11320 [Note] Shutting down plugin 'INNODB_SYS_TABLESPACES'
2022-02-09 16:08:44 11320 [Note] Shutting down plugin 'INNODB_SYS_FOREIGN_COLS'
2022-02-09 16:08:44 11320 [Note] Shutting down plugin 'INNODB_SYS_FOREIGN'
2022-02-09 16:08:44 11320 [Note] Shutting down plugin 'INNODB_SYS_FIELDS'
2022-02-09 16:08:44 11320 [Note] Shutting down plugin 'INNODB_SYS_COLUMNS'
2022-02-09 16:08:44 11320 [Note] Shutting down plugin 'INNODB_SYS_INDEXES'
2022-02-09 16:08:44 11320 [Note] Shutting down plugin 'INNODB_SYS_TABLESTATS'
2022-02-09 16:08:44 11320 [Note] Shutting down plugin 'INNODB_SYS_TABLES'
2022-02-09 16:08:44 11320 [Note] Shutting down plugin 'INNODB_FT_INDEX_TABLE'
2022-02-09 16:08:44 11320 [Note] Shutting down plugin 'INNODB_FT_INDEX_CACHE'
2022-02-09 16:08:44 11320 [Note] Shutting down plugin 'INNODB_FT_CONFIG'
2022-02-09 16:08:44 11320 [Note] Shutting down plugin 'INNODB_FT_BEING_DELETED'
2022-02-09 16:08:44 11320 [Note] Shutting down plugin 'INNODB_FT_DELETED'
2022-02-09 16:08:44 11320 [Note] Shutting down plugin 'INNODB_FT_DEFAULT_STOPWORD'
2022-02-09 16:08:44 11320 [Note] Shutting down plugin 'INNODB_METRICS'
2022-02-09 16:08:44 11320 [Note] Shutting down plugin 'INNODB_BUFFER_POOL_STATS'
2022-02-09 16:08:44 11320 [Note] Shutting down plugin 'INNODB_BUFFER_PAGE_LRU'
2022-02-09 16:08:44 11320 [Note] Shutting down plugin 'INNODB_BUFFER_PAGE'
2022-02-09 16:08:44 11320 [Note] Shutting down plugin 'INNODB_CMP_PER_INDEX_RESET'
2022-02-09 16:08:44 11320 [Note] Shutting down plugin 'INNODB_CMP_PER_INDEX'
2022-02-09 16:08:44 11320 [Note] Shutting down plugin 'INNODB_CMPMEM_RESET'
2022-02-09 16:08:44 11320 [Note] Shutting down plugin 'INNODB_CMPMEM'
2022-02-09 16:08:44 11320 [Note] Shutting down plugin 'INNODB_CMP_RESET'
2022-02-09 16:08:44 11320 [Note] Shutting down plugin 'INNODB_CMP'
2022-02-09 16:08:44 11320 [Note] Shutting down plugin 'INNODB_LOCK_WAITS'
2022-02-09 16:08:44 11320 [Note] Shutting down plugin 'INNODB_LOCKS'
2022-02-09 16:08:44 11320 [Note] Shutting down plugin 'INNODB_TRX'
2022-02-09 16:08:44 11320 [Note] Shutting down plugin 'InnoDB'
2022-02-09 16:08:44 11320 [Note] InnoDB: FTS optimize thread exiting.
2022-02-09 16:08:44 11320 [Note] InnoDB: Starting shutdown...
2022-02-09 16:08:46 11320 [Note] InnoDB: Shutdown completed; log sequence number 2299777
2022-02-09 16:08:46 11320 [Note] Shutting down plugin 'BLACKHOLE'
2022-02-09 16:08:46 11320 [Note] Shutting down plugin 'ARCHIVE'
2022-02-09 16:08:46 11320 [Note] Shutting down plugin 'MRG_MYISAM'
2022-02-09 16:08:46 11320 [Note] Shutting down plugin 'MyISAM'
2022-02-09 16:08:46 11320 [Note] Shutting down plugin 'MEMORY'
2022-02-09 16:08:46 11320 [Note] Shutting down plugin 'CSV'
2022-02-09 16:08:46 11320 [Note] Shutting down plugin 'sha256_password'
2022-02-09 16:08:46 11320 [Note] Shutting down plugin 'mysql_old_password'
2022-02-09 16:08:46 11320 [Note] Shutting down plugin 'mysql_native_password'
2022-02-09 16:08:46 11320 [Note] Shutting down plugin 'binlog'
2022-02-09 16:08:46 11320 [Note] C:\Users\a20armandocb\Documents\Git-Ar\UsbWebserver/mysql/bin/mysqld_usbwv8.exe: Shutdown complete

2022-02-09 16:12:19 10012 [Note] Plugin 'FEDERATED' is disabled.
2022-02-09 16:12:19 10012 [Note] InnoDB: The InnoDB memory heap is disabled
2022-02-09 16:12:19 10012 [Note] InnoDB: Mutexes and rw_locks use Windows interlocked functions
2022-02-09 16:12:19 10012 [Note] InnoDB: Compressed tables use zlib 1.2.3
2022-02-09 16:12:19 10012 [Note] InnoDB: Not using CPU crc32 instructions
2022-02-09 16:12:19 10012 [Note] InnoDB: Initializing buffer pool, size = 128.0M
2022-02-09 16:12:19 10012 [Note] InnoDB: Completed initialization of buffer pool
2022-02-09 16:12:19 10012 [Note] InnoDB: Highest supported file format is Barracuda.
2022-02-09 16:12:19 10012 [Note] InnoDB: 128 rollback segment(s) are active.
2022-02-09 16:12:19 10012 [Note] InnoDB: Waiting for purge to start
2022-02-09 16:12:19 10012 [Note] InnoDB: 5.6.13 started; log sequence number 2299777
2022-02-09 16:12:19 10012 [Note] Server hostname (bind-address): '*'; port: 3307
2022-02-09 16:12:19 10012 [Note] IPv6 is available.
2022-02-09 16:12:19 10012 [Note]   - '::' resolves to '::';
2022-02-09 16:12:19 10012 [Note] Server socket created on IP: '::'.
2022-02-09 16:18:40 9468 [Note] Plugin 'FEDERATED' is disabled.
2022-02-09 16:18:40 9468 [Note] InnoDB: The InnoDB memory heap is disabled
2022-02-09 16:18:40 9468 [Note] InnoDB: Mutexes and rw_locks use Windows interlocked functions
2022-02-09 16:18:40 9468 [Note] InnoDB: Compressed tables use zlib 1.2.3
2022-02-09 16:18:40 9468 [Note] InnoDB: Not using CPU crc32 instructions
2022-02-09 16:18:40 9468 [Note] InnoDB: Initializing buffer pool, size = 128.0M
2022-02-09 16:18:40 9468 [Note] InnoDB: Completed initialization of buffer pool
2022-02-09 16:18:40 9468 [Note] InnoDB: Highest supported file format is Barracuda.
2022-02-09 16:18:40 9468 [Note] InnoDB: The log sequence numbers 2299777 and 2299777 in ibdata files do not match the log sequence number 2299787 in the ib_logfiles!
2022-02-09 16:18:40 9468 [Note] InnoDB: Database was not shutdown normally!
2022-02-09 16:18:40 9468 [Note] InnoDB: Starting crash recovery.
2022-02-09 16:18:40 9468 [Note] InnoDB: Reading tablespace information from the .ibd files...
2022-02-09 16:18:40 9468 [Note] InnoDB: Restoring possible half-written data pages 
2022-02-09 16:18:40 9468 [Note] InnoDB: from the doublewrite buffer...
2022-02-09 16:18:40 9468 [Note] InnoDB: 128 rollback segment(s) are active.
2022-02-09 16:18:40 9468 [Note] InnoDB: Waiting for purge to start
2022-02-09 16:18:40 9468 [Note] InnoDB: 5.6.13 started; log sequence number 2299787
2022-02-09 16:18:40 9468 [Note] Server hostname (bind-address): '*'; port: 3307
2022-02-09 16:18:40 9468 [Note] IPv6 is available.
2022-02-09 16:18:40 9468 [Note]   - '::' resolves to '::';
2022-02-09 16:18:40 9468 [Note] Server socket created on IP: '::'.
2022-02-09 16:19:04 10624 [Note] Plugin 'FEDERATED' is disabled.
2022-02-09 16:19:04 10624 [Note] InnoDB: The InnoDB memory heap is disabled
2022-02-09 16:19:04 10624 [Note] InnoDB: Mutexes and rw_locks use Windows interlocked functions
2022-02-09 16:19:04 10624 [Note] InnoDB: Compressed tables use zlib 1.2.3
2022-02-09 16:19:04 10624 [Note] InnoDB: Not using CPU crc32 instructions
2022-02-09 16:19:04 10624 [Note] InnoDB: Initializing buffer pool, size = 128.0M
2022-02-09 16:19:04 10624 [Note] InnoDB: Completed initialization of buffer pool
2022-02-09 16:19:04 10624 [Note] InnoDB: Highest supported file format is Barracuda.
2022-02-09 16:19:04 10624 [Note] InnoDB: The log sequence numbers 2299777 and 2299777 in ibdata files do not match the log sequence number 2299797 in the ib_logfiles!
2022-02-09 16:19:04 10624 [Note] InnoDB: Database was not shutdown normally!
2022-02-09 16:19:04 10624 [Note] InnoDB: Starting crash recovery.
2022-02-09 16:19:04 10624 [Note] InnoDB: Reading tablespace information from the .ibd files...
2022-02-09 16:19:04 10624 [Note] InnoDB: Restoring possible half-written data pages 
2022-02-09 16:19:04 10624 [Note] InnoDB: from the doublewrite buffer...
2022-02-09 16:19:04 10624 [Note] InnoDB: 128 rollback segment(s) are active.
2022-02-09 16:19:04 10624 [Note] InnoDB: Waiting for purge to start
2022-02-09 16:19:04 10624 [Note] InnoDB: 5.6.13 started; log sequence number 2299797
2022-02-09 16:19:04 10624 [Note] Server hostname (bind-address): '*'; port: 3307
2022-02-09 16:19:04 10624 [Note] IPv6 is available.
2022-02-09 16:19:04 10624 [Note]   - '::' resolves to '::';
2022-02-09 16:19:04 10624 [Note] Server socket created on IP: '::'.
2022-02-15 18:44:18 10256 [Note] Plugin 'FEDERATED' is disabled.
2022-02-15 18:44:18 10256 [Note] InnoDB: The InnoDB memory heap is disabled
2022-02-15 18:44:18 10256 [Note] InnoDB: Mutexes and rw_locks use Windows interlocked functions
2022-02-15 18:44:18 10256 [Note] InnoDB: Compressed tables use zlib 1.2.3
2022-02-15 18:44:18 10256 [Note] InnoDB: Not using CPU crc32 instructions
2022-02-15 18:44:18 10256 [Note] InnoDB: Initializing buffer pool, size = 128.0M
2022-02-15 18:44:18 10256 [Note] InnoDB: Completed initialization of buffer pool
2022-02-15 18:44:18 10256 [Note] InnoDB: Highest supported file format is Barracuda.
2022-02-15 18:44:18 10256 [Note] InnoDB: The log sequence numbers 2299777 and 2299777 in ibdata files do not match the log sequence number 2299807 in the ib_logfiles!
2022-02-15 18:44:18 10256 [Note] InnoDB: Database was not shutdown normally!
2022-02-15 18:44:18 10256 [Note] InnoDB: Starting crash recovery.
2022-02-15 18:44:18 10256 [Note] InnoDB: Reading tablespace information from the .ibd files...
2022-02-15 18:44:18 10256 [Note] InnoDB: Restoring possible half-written data pages 
2022-02-15 18:44:18 10256 [Note] InnoDB: from the doublewrite buffer...
2022-02-15 18:44:18 10256 [Note] InnoDB: 128 rollback segment(s) are active.
2022-02-15 18:44:18 10256 [Note] InnoDB: Waiting for purge to start
2022-02-15 18:44:18 10256 [Note] InnoDB: 5.6.13 started; log sequence number 2299807
2022-02-15 18:44:18 10256 [Note] Server hostname (bind-address): '*'; port: 3307
2022-02-15 18:44:18 10256 [Note] IPv6 is available.
2022-02-15 18:44:18 10256 [Note]   - '::' resolves to '::';
2022-02-15 18:44:18 10256 [Note] Server socket created on IP: '::'.
